2025-09-26 13:49:02.027 INFO (MainThread) [homeassistant.components.automation.solarsteuerung_wasserbett_heizung] Initialized trigger Solarsteuerung Wasserbett Heizung
2025-09-26 13:49:18.037 INFO (MainThread) [homeassistant.components.automation.solarsteuerung_wasserbett_heizung] Solarsteuerung Wasserbett Heizung: Running automation actions
2025-09-26 13:49:18.037 INFO (MainThread) [homeassistant.components.automation.solarsteuerung_wasserbett_heizung] Solarsteuerung Wasserbett Heizung: Executing step call service
2025-09-26 13:49:18.038 DEBUG (MainThread) [custom_components.pyscript.eval] file.pv_autostart.pv_autostart: calling info("[pv_autostart] pv_autostart service called with: automation_id=automation.solarsteuerung_wasserbett_heizung, switch=switch.wasserbett_heizung, pv=sensor.power_production_now, import_sensors=['sensor.energy_netzbezug'], buffers(on/off)=3/5 min, exclude_from_counters=False, scheduled_turn_off_time=03:00:00, force_turn_off_if_target_unreached=False, required_daily_energy_kwh=", {})
2025-09-26 13:49:18.038 INFO (MainThread) [custom_components.pyscript.file.pv_autostart.pv_autostart] [pv_autostart] pv_autostart service called with: automation_id=automation.solarsteuerung_wasserbett_heizung, switch=switch.wasserbett_heizung, pv=sensor.power_production_now, import_sensors=['sensor.energy_netzbezug'], buffers(on/off)=3/5 min, exclude_from_counters=False, scheduled_turn_off_time=03:00:00, force_turn_off_if_target_unreached=False, required_daily_energy_kwh=
2025-09-26 13:49:18.038 DEBUG (MainThread) [custom_components.pyscript.eval] file.pv_autostart.pv_autostart: calling str("automation.solarsteuerung_wasserbett_heizung", {})
2025-09-26 13:49:18.038 DEBUG (MainThread) [custom_components.pyscript.eval] file.pv_autostart.pv_autostart: calling _normalise_id("automation.solarsteuerung_wasserbett_heizung", {})
2025-09-26 13:49:18.039 DEBUG (MainThread) [custom_components.pyscript.eval] file.pv_autostart.pv_autostart: calling _replace_vowels("solarsteuerung_wasserbett_heizung", {})
2025-09-26 13:49:18.041 DEBUG (MainThread) [custom_components.pyscript.eval] file.pv_autostart.pv_autostart: calling PvAutostart(, {'automation_id': 'automation.solarsteuerung_wasserbett_heizung', 'switch_entity': 'switch.wasserbett_heizung', 'sensor_device_power': 'sensor.smart_plug_leistung', 'off_after_minutes_without_draw': 15, 'no_draw_threshold_watts': 10, 'buffer_on_minutes': 3, 'buffer_off_minutes': 5, 'min_runtime_per_day_minutes': '', 'min_cycles_per_day': 1, 'interruptible': True, 'sensor_grid_import_components': ['sensor.energy_netzbezug'], 'start_time_if_target_not_met': datetime.time(19, 0), 'sensor_forecast_energy_today': 'sensor.energy_production_today_remaining', 'sensor_pv_power_now': 'sensor.power_production_now', 'exclude_blueprint_turn_on_from_counters': False, 'turn_off_time': datetime.time(3, 0), 'force_turn_off_if_target_unreached': False, 'required_daily_energy_kwh': None})
2025-09-26 13:49:18.044 DEBUG (MainThread) [custom_components.pyscript.eval] file.pv_autostart.pv_autostart: calling info("[pv_autostart] [switch.wasserbett_heizung automation.solarsteuerung_wasserbett_heizung] Registered instance; ticker every 30s", {})
2025-09-26 13:49:18.044 INFO (MainThread) [custom_components.pyscript.file.pv_autostart.pv_autostart] [pv_autostart] [switch.wasserbett_heizung automation.solarsteuerung_wasserbett_heizung] Registered instance; ticker every 30s
2025-09-26 13:49:18.044 DEBUG (MainThread) [custom_components.pyscript.eval] file.pv_autostart.pv_autostart: calling info("[pv_autostart] [switch.wasserbett_heizung automation.solarsteuerung_wasserbett_heizung] Created new PvAutostart instance.", {})
2025-09-26 13:49:18.044 INFO (MainThread) [custom_components.pyscript.file.pv_autostart.pv_autostart] [pv_autostart] [switch.wasserbett_heizung automation.solarsteuerung_wasserbett_heizung] Created new PvAutostart instance.
2025-09-26 13:49:41.565 DEBUG (MainThread) [custom_components.pyscript.eval] file.pv_autostart._pv_autostart_tick: calling list(dict_items([('automation.solarsteuerung_wasserbett_heizung', {'instance': <custom_components.pyscript.eval.PvAutostart object at 0x7f423f0f1fd0>})]), {})
2025-09-26 13:49:41.565 DEBUG (MainThread) [custom_components.pyscript.eval] file.pv_autostart._pv_autostart_tick: calling len([('automation.solarsteuerung_wasserbett_heizung', {'instance': <custom_components.pyscript.eval.PvAutostart object at 0x7f423f0f1fd0>})], {})
2025-09-26 13:49:41.566 DEBUG (MainThread) [custom_components.pyscript.eval] file.pv_autostart._pv_autostart_tick: calling _get_state("switch.wasserbett_heizung", {})
2025-09-26 13:49:41.566 DEBUG (MainThread) [custom_components.pyscript.eval] file.pv_autostart._pv_autostart_tick: calling get("switch.wasserbett_heizung", {})
2025-09-26 13:49:41.569 DEBUG (MainThread) [custom_components.pyscript.eval] file.pv_autostart._pv_autostart_tick: calling debug("[pv_autostart] [switch.wasserbett_heizung automation.solarsteuerung_wasserbett_heizung] No runtime target configured; energy requirement for forecast comparison is 0 kWh.", {})
2025-09-26 13:49:41.569 DEBUG (MainThread) [custom_components.pyscript.file.pv_autostart._pv_autostart_tick] [pv_autostart] [switch.wasserbett_heizung automation.solarsteuerung_wasserbett_heizung] No runtime target configured; energy requirement for forecast comparison is 0 kWh.
2025-09-26 13:49:41.569 DEBUG (MainThread) [custom_components.pyscript.eval] file.pv_autostart._pv_autostart_tick: calling debug("[pv_autostart] [switch.wasserbett_heizung automation.solarsteuerung_wasserbett_heizung] Targets unmet but fallback time not reached; deferring force start.", {})
2025-09-26 13:49:41.569 DEBUG (MainThread) [custom_components.pyscript.file.pv_autostart._pv_autostart_tick] [pv_autostart] [switch.wasserbett_heizung automation.solarsteuerung_wasserbett_heizung] Targets unmet but fallback time not reached; deferring force start.
2025-09-26 13:49:41.569 DEBUG (MainThread) [custom_components.pyscript.eval] file.pv_autostart._pv_autostart_tick: calling debug("[pv_autostart] [switch.wasserbett_heizung automation.solarsteuerung_wasserbett_heizung] Device OFF; surplus_on_counter=0.0s; pv_power=163.0W, grid_import=623.5W, pv_surplus=0.0W", {})
2025-09-26 13:49:41.569 DEBUG (MainThread) [custom_components.pyscript.file.pv_autostart._pv_autostart_tick] [pv_autostart] [switch.wasserbett_heizung automation.solarsteuerung_wasserbett_heizung] Device OFF; surplus_on_counter=0.0s; pv_power=163.0W, grid_import=623.5W, pv_surplus=0.0W
2025-09-26 13:50:11.565 DEBUG (MainThread) [custom_components.pyscript.eval] file.pv_autostart._pv_autostart_tick: calling list(dict_items([('automation.solarsteuerung_wasserbett_heizung', {'instance': <custom_components.pyscript.eval.PvAutostart object at 0x7f423f0f1fd0>})]), {})
2025-09-26 13:50:11.565 DEBUG (MainThread) [custom_components.pyscript.eval] file.pv_autostart._pv_autostart_tick: calling len([('automation.solarsteuerung_wasserbett_heizung', {'instance': <custom_components.pyscript.eval.PvAutostart object at 0x7f423f0f1fd0>})], {})
2025-09-26 13:50:11.566 DEBUG (MainThread) [custom_components.pyscript.eval] file.pv_autostart._pv_autostart_tick: calling _get_state("switch.wasserbett_heizung", {})
2025-09-26 13:50:11.566 DEBUG (MainThread) [custom_components.pyscript.eval] file.pv_autostart._pv_autostart_tick: calling get("switch.wasserbett_heizung", {})
2025-09-26 13:50:11.569 DEBUG (MainThread) [custom_components.pyscript.eval] file.pv_autostart._pv_autostart_tick: calling debug("[pv_autostart] [switch.wasserbett_heizung automation.solarsteuerung_wasserbett_heizung] No runtime target configured; energy requirement for forecast comparison is 0 kWh.", {})
2025-09-26 13:50:11.569 DEBUG (MainThread) [custom_components.pyscript.file.pv_autostart._pv_autostart_tick] [pv_autostart] [switch.wasserbett_heizung automation.solarsteuerung_wasserbett_heizung] No runtime target configured; energy requirement for forecast comparison is 0 kWh.
2025-09-26 13:50:11.570 DEBUG (MainThread) [custom_components.pyscript.eval] file.pv_autostart._pv_autostart_tick: calling debug("[pv_autostart] [switch.wasserbett_heizung automation.solarsteuerung_wasserbett_heizung] Targets unmet but fallback time not reached; deferring force start.", {})
2025-09-26 13:50:11.570 DEBUG (MainThread) [custom_components.pyscript.file.pv_autostart._pv_autostart_tick] [pv_autostart] [switch.wasserbett_heizung automation.solarsteuerung_wasserbett_heizung] Targets unmet but fallback time not reached; deferring force start.
2025-09-26 13:50:11.571 DEBUG (MainThread) [custom_components.pyscript.eval] file.pv_autostart._pv_autostart_tick: calling debug("[pv_autostart] [switch.wasserbett_heizung automation.solarsteuerung_wasserbett_heizung] Device OFF; surplus_on_counter=0.0s; pv_power=163.0W, grid_import=623.5W, pv_surplus=0.0W", {})
2025-09-26 13:50:11.571 DEBUG (MainThread) [custom_components.pyscript.file.pv_autostart._pv_autostart_tick] [pv_autostart] [switch.wasserbett_heizung automation.solarsteuerung_wasserbett_heizung] Device OFF; surplus_on_counter=0.0s; pv_power=163.0W, grid_import=623.5W, pv_surplus=0.0W
2025-09-26 13:50:41.565 DEBUG (MainThread) [custom_components.pyscript.eval] file.pv_autostart._pv_autostart_tick: calling list(dict_items([('automation.solarsteuerung_wasserbett_heizung', {'instance': <custom_components.pyscript.eval.PvAutostart object at 0x7f423f0f1fd0>})]), {})
2025-09-26 13:50:41.565 DEBUG (MainThread) [custom_components.pyscript.eval] file.pv_autostart._pv_autostart_tick: calling len([('automation.solarsteuerung_wasserbett_heizung', {'instance': <custom_components.pyscript.eval.PvAutostart object at 0x7f423f0f1fd0>})], {})
2025-09-26 13:50:41.566 DEBUG (MainThread) [custom_components.pyscript.eval] file.pv_autostart._pv_autostart_tick: calling _get_state("switch.wasserbett_heizung", {})
2025-09-26 13:50:41.566 DEBUG (MainThread) [custom_components.pyscript.eval] file.pv_autostart._pv_autostart_tick: calling get("switch.wasserbett_heizung", {})
2025-09-26 13:50:41.568 DEBUG (MainThread) [custom_components.pyscript.eval] file.pv_autostart._pv_autostart_tick: calling debug("[pv_autostart] [switch.wasserbett_heizung automation.solarsteuerung_wasserbett_heizung] No runtime target configured; energy requirement for forecast comparison is 0 kWh.", {})
2025-09-26 13:50:41.568 DEBUG (MainThread) [custom_components.pyscript.file.pv_autostart._pv_autostart_tick] [pv_autostart] [switch.wasserbett_heizung automation.solarsteuerung_wasserbett_heizung] No runtime target configured; energy requirement for forecast comparison is 0 kWh.
2025-09-26 13:50:41.569 DEBUG (MainThread) [custom_components.pyscript.eval] file.pv_autostart._pv_autostart_tick: calling debug("[pv_autostart] [switch.wasserbett_heizung automation.solarsteuerung_wasserbett_heizung] Targets unmet but fallback time not reached; deferring force start.", {})
2025-09-26 13:50:41.569 DEBUG (MainThread) [custom_components.pyscript.file.pv_autostart._pv_autostart_tick] [pv_autostart] [switch.wasserbett_heizung automation.solarsteuerung_wasserbett_heizung] Targets unmet but fallback time not reached; deferring force start.
2025-09-26 13:50:41.569 DEBUG (MainThread) [custom_components.pyscript.eval] file.pv_autostart._pv_autostart_tick: calling debug("[pv_autostart] [switch.wasserbett_heizung automation.solarsteuerung_wasserbett_heizung] Device OFF; surplus_on_counter=0.0s; pv_power=163.0W, grid_import=623.5W, pv_surplus=0.0W", {})
2025-09-26 13:50:41.569 DEBUG (MainThread) [custom_components.pyscript.file.pv_autostart._pv_autostart_tick] [pv_autostart] [switch.wasserbett_heizung automation.solarsteuerung_wasserbett_heizung] Device OFF; surplus_on_counter=0.0s; pv_power=163.0W, grid_import=623.5W, pv_surplus=0.0W
2025-09-26 13:51:11.565 DEBUG (MainThread) [custom_components.pyscript.eval] file.pv_autostart._pv_autostart_tick: calling list(dict_items([('automation.solarsteuerung_wasserbett_heizung', {'instance': <custom_components.pyscript.eval.PvAutostart object at 0x7f423f0f1fd0>})]), {})
2025-09-26 13:51:11.565 DEBUG (MainThread) [custom_components.pyscript.eval] file.pv_autostart._pv_autostart_tick: calling len([('automation.solarsteuerung_wasserbett_heizung', {'instance': <custom_components.pyscript.eval.PvAutostart object at 0x7f423f0f1fd0>})], {})
2025-09-26 13:51:11.566 DEBUG (MainThread) [custom_components.pyscript.eval] file.pv_autostart._pv_autostart_tick: calling _get_state("switch.wasserbett_heizung", {})
2025-09-26 13:51:11.566 DEBUG (MainThread) [custom_components.pyscript.eval] file.pv_autostart._pv_autostart_tick: calling get("switch.wasserbett_heizung", {})
2025-09-26 13:51:11.569 DEBUG (MainThread) [custom_components.pyscript.eval] file.pv_autostart._pv_autostart_tick: calling debug("[pv_autostart] [switch.wasserbett_heizung automation.solarsteuerung_wasserbett_heizung] No runtime target configured; energy requirement for forecast comparison is 0 kWh.", {})
2025-09-26 13:51:11.569 DEBUG (MainThread) [custom_components.pyscript.file.pv_autostart._pv_autostart_tick] [pv_autostart] [switch.wasserbett_heizung automation.solarsteuerung_wasserbett_heizung] No runtime target configured; energy requirement for forecast comparison is 0 kWh.
2025-09-26 13:51:11.569 DEBUG (MainThread) [custom_components.pyscript.eval] file.pv_autostart._pv_autostart_tick: calling debug("[pv_autostart] [switch.wasserbett_heizung automation.solarsteuerung_wasserbett_heizung] Targets unmet but fallback time not reached; deferring force start.", {})
2025-09-26 13:51:11.569 DEBUG (MainThread) [custom_components.pyscript.file.pv_autostart._pv_autostart_tick] [pv_autostart] [switch.wasserbett_heizung automation.solarsteuerung_wasserbett_heizung] Targets unmet but fallback time not reached; deferring force start.
2025-09-26 13:51:11.569 DEBUG (MainThread) [custom_components.pyscript.eval] file.pv_autostart._pv_autostart_tick: calling debug("[pv_autostart] [switch.wasserbett_heizung automation.solarsteuerung_wasserbett_heizung] Device OFF; surplus_on_counter=0.0s; pv_power=163.0W, grid_import=623.5W, pv_surplus=0.0W", {})
2025-09-26 13:51:11.569 DEBUG (MainThread) [custom_components.pyscript.file.pv_autostart._pv_autostart_tick] [pv_autostart] [switch.wasserbett_heizung automation.solarsteuerung_wasserbett_heizung] Device OFF; surplus_on_counter=0.0s; pv_power=163.0W, grid_import=623.5W, pv_surplus=0.0W
2025-09-26 13:51:41.565 DEBUG (MainThread) [custom_components.pyscript.eval] file.pv_autostart._pv_autostart_tick: calling list(dict_items([('automation.solarsteuerung_wasserbett_heizung', {'instance': <custom_components.pyscript.eval.PvAutostart object at 0x7f423f0f1fd0>})]), {})
2025-09-26 13:51:41.565 DEBUG (MainThread) [custom_components.pyscript.eval] file.pv_autostart._pv_autostart_tick: calling len([('automation.solarsteuerung_wasserbett_heizung', {'instance': <custom_components.pyscript.eval.PvAutostart object at 0x7f423f0f1fd0>})], {})
2025-09-26 13:51:41.565 DEBUG (MainThread) [custom_components.pyscript.eval] file.pv_autostart._pv_autostart_tick: calling _get_state("switch.wasserbett_heizung", {})
2025-09-26 13:51:41.565 DEBUG (MainThread) [custom_components.pyscript.eval] file.pv_autostart._pv_autostart_tick: calling get("switch.wasserbett_heizung", {})
2025-09-26 13:51:41.568 DEBUG (MainThread) [custom_components.pyscript.eval] file.pv_autostart._pv_autostart_tick: calling debug("[pv_autostart] [switch.wasserbett_heizung automation.solarsteuerung_wasserbett_heizung] No runtime target configured; energy requirement for forecast comparison is 0 kWh.", {})
2025-09-26 13:51:41.568 DEBUG (MainThread) [custom_components.pyscript.file.pv_autostart._pv_autostart_tick] [pv_autostart] [switch.wasserbett_heizung automation.solarsteuerung_wasserbett_heizung] No runtime target configured; energy requirement for forecast comparison is 0 kWh.
2025-09-26 13:51:41.569 DEBUG (MainThread) [custom_components.pyscript.eval] file.pv_autostart._pv_autostart_tick: calling debug("[pv_autostart] [switch.wasserbett_heizung automation.solarsteuerung_wasserbett_heizung] Targets unmet but fallback time not reached; deferring force start.", {})
2025-09-26 13:51:41.569 DEBUG (MainThread) [custom_components.pyscript.file.pv_autostart._pv_autostart_tick] [pv_autostart] [switch.wasserbett_heizung automation.solarsteuerung_wasserbett_heizung] Targets unmet but fallback time not reached; deferring force start.
2025-09-26 13:51:41.569 DEBUG (MainThread) [custom_components.pyscript.eval] file.pv_autostart._pv_autostart_tick: calling debug("[pv_autostart] [switch.wasserbett_heizung automation.solarsteuerung_wasserbett_heizung] Device OFF; surplus_on_counter=0.0s; pv_power=163.0W, grid_import=623.5W, pv_surplus=0.0W", {})
2025-09-26 13:51:41.569 DEBUG (MainThread) [custom_components.pyscript.file.pv_autostart._pv_autostart_tick] [pv_autostart] [switch.wasserbett_heizung automation.solarsteuerung_wasserbett_heizung] Device OFF; surplus_on_counter=0.0s; pv_power=163.0W, grid_import=623.5W, pv_surplus=0.0W
